# JRE version: Java(TM) SE Runtime Environment (8.0_321-b07) (build 1.8.0_321-b07)
# Java VM: Java HotSpot(TM) 64-Bit Server VM (25.321-b07 mixed mode windows-amd64 compressed oops)
Heap:
 PSYoungGen      total 218624K, used 99021K [0x000000076b400000, 0x000000077a500000, 0x00000007c0000000)
  eden space 210944K, 46% used [0x000000076b400000,0x00000007714b34f0,0x0000000778200000)
  from space 7680K, 0% used [0x0000000778200000,0x0000000778200000,0x0000000778980000)
  to   space 17920K, 0% used [0x0000000779380000,0x0000000779380000,0x000000077a500000)
 ParOldGen       total 121856K, used 21586K [0x00000006c1c00000, 0x00000006c9300000, 0x000000076b400000)
  object space 121856K, 17% used [0x00000006c1c00000,0x00000006c3114b10,0x00000006c9300000)
 Metaspace       used 58415K, capacity 62502K, committed 62808K, reserved 1103872K
  class space    used 7771K, capacity 8540K, committed 8576K, reserved 1048576K
GC Heap History (10 events):
Event: 654.769 GC heap before
{Heap before GC invocations=14 (full 5):
 PSYoungGen      total 229376K, used 3987K [0x000000076b400000, 0x000000077a700000, 0x00000007c0000000)
  eden space 210432K, 0% used [0x000000076b400000,0x000000076b400000,0x0000000778180000)
  from space 18944K, 21% used [0x0000000778180000,0x0000000778564ff0,0x0000000779400000)
  to   space 18944K, 0% used [0x0000000779480000,0x0000000779480000,0x000000077a700000)
 ParOldGen       total 121856K, used 17235K [0x00000006c1c00000, 0x00000006c9300000, 0x000000076b400000)
  object space 121856K, 14% used [0x00000006c1c00000,0x00000006c2cd4ca8,0x00000006c9300000)
 Metaspace       used 54671K, capacity 58374K, committed 58456K, reserved 1099776K
  class space    used 7385K, capacity 8049K, committed 8064K, reserved 1048576K
Event: 655.011 GC heap after
Heap after GC invocations=14 (full 5):
 PSYoungGen      total 229376K, used 0K [0x000000076b400000, 0x000000077a700000, 0x00000007c0000000)
  eden space 210432K, 0% used [0x000000076b400000,0x000000076b400000,0x0000000778180000)
  from space 18944K, 0% used [0x0000000778180000,0x0000000778180000,0x0000000779400000)
  to   space 18944K, 0% used [0x0000000779480000,0x0000000779480000,0x000000077a700000)
 ParOldGen       total 121856K, used 17378K [0x00000006c1c00000, 0x00000006c9300000, 0x000000076b400000)
  object space 121856K, 14% used [0x00000006c1c00000,0x00000006c2cf8a68,0x00000006c9300000)
 Metaspace       used 54669K, capacity 58368K, committed 58456K, reserved 1099776K
  class space    used 7385K, capacity 8047K, committed 8064K, reserved 1048576K
}
Event: 886.648 GC heap before
{Heap before GC invocations=15 (full 5):
 PSYoungGen      total 229376K, used 97709K [0x000000076b400000, 0x000000077a700000, 0x00000007c0000000)
  eden space 210432K, 46% used [0x000000076b400000,0x000000077136b6c0,0x0000000778180000)
  from space 18944K, 0% used [0x0000000778180000,0x0000000778180000,0x0000000779400000)
  to   space 18944K, 0% used [0x0000000779480000,0x0000000779480000,0x000000077a700000)
 ParOldGen       total 121856K, used 17378K [0x00000006c1c00000, 0x00000006c9300000, 0x000000076b400000)
  object space 121856K, 14% used [0x00000006c1c00000,0x00000006c2cf8a68,0x00000006c9300000)
 Metaspace       used 55102K, capacity 58946K, committed 59096K, reserved 1099776K
  class space    used 7408K, capacity 8106K, committed 8192K, reserved 1048576K
Event: 886.654 GC heap after
Heap after GC invocations=15 (full 5):
 PSYoungGen      total 229888K, used 3720K [0x000000076b400000, 0x000000077a700000, 0x00000007c0000000)
  eden space 210944K, 0% used [0x000000076b400000,0x000000076b400000,0x0000000778200000)
  from space 18944K, 19% used [0x0000000779480000,0x0000000779822318,0x000000077a700000)
  to   space 18944K, 0% used [0x0000000778200000,0x0000000778200000,0x0000000779480000)
 ParOldGen       total 121856K, used 17386K [0x00000006c1c00000, 0x00000006c9300000, 0x000000076b400000)
  object space 121856K, 14% used [0x00000006c1c00000,0x00000006c2cfaa68,0x00000006c9300000)
 Metaspace       used 55102K, capacity 58946K, committed 59096K, reserved 1099776K
  class space    used 7408K, capacity 8106K, committed 8192K, reserved 1048576K
}
Event: 886.655 GC heap before
{Heap before GC invocations=16 (full 6):
 PSYoungGen      total 229888K, used 3720K [0x000000076b400000, 0x000000077a700000, 0x00000007c0000000)
  eden space 210944K, 0% used [0x000000076b400000,0x000000076b400000,0x0000000778200000)
  from space 18944K, 19% used [0x0000000779480000,0x0000000779822318,0x000000077a700000)
  to   space 18944K, 0% used [0x0000000778200000,0x0000000778200000,0x0000000779480000)
 ParOldGen       total 121856K, used 17386K [0x00000006c1c00000, 0x00000006c9300000, 0x000000076b400000)
  object space 121856K, 14% used [0x00000006c1c00000,0x00000006c2cfaa68,0x00000006c9300000)
 Metaspace       used 55102K, capacity 58946K, committed 59096K, reserved 1099776K
  class space    used 7408K, capacity 8106K, committed 8192K, reserved 1048576K
Event: 886.827 GC heap after
Heap after GC invocations=16 (full 6):
 PSYoungGen      total 229888K, used 0K [0x000000076b400000, 0x000000077a700000, 0x00000007c0000000)
  eden space 210944K, 0% used [0x000000076b400000,0x000000076b400000,0x0000000778200000)
  from space 18944K, 0% used [0x0000000779480000,0x0000000779480000,0x000000077a700000)
  to   space 18944K, 0% used [0x0000000778200000,0x0000000778200000,0x0000000779480000)
 ParOldGen       total 121856K, used 17412K [0x00000006c1c00000, 0x00000006c9300000, 0x000000076b400000)
  object space 121856K, 14% used [0x00000006c1c00000,0x00000006c2d013d8,0x00000006c9300000)
 Metaspace       used 55099K, capacity 58940K, committed 59096K, reserved 1099776K
  class space    used 7407K, capacity 8104K, committed 8192K, reserved 1048576K
}
Event: 1341.499 GC heap before
{Heap before GC invocations=17 (full 6):
 PSYoungGen      total 229888K, used 182129K [0x000000076b400000, 0x000000077a700000, 0x00000007c0000000)
  eden space 210944K, 86% used [0x000000076b400000,0x00000007765dc578,0x0000000778200000)
  from space 18944K, 0% used [0x0000000779480000,0x0000000779480000,0x000000077a700000)
  to   space 18944K, 0% used [0x0000000778200000,0x0000000778200000,0x0000000779480000)
 ParOldGen       total 121856K, used 17412K [0x00000006c1c00000, 0x00000006c9300000, 0x000000076b400000)
  object space 121856K, 14% used [0x00000006c1c00000,0x00000006c2d013d8,0x00000006c9300000)
 Metaspace       used 56357K, capacity 60380K, committed 60504K, reserved 1101824K
  class space    used 7560K, capacity 8297K, committed 8320K, reserved 1048576K
Event: 1341.509 GC heap after
Heap after GC invocations=17 (full 6):
 PSYoungGen      total 218624K, used 7664K [0x000000076b400000, 0x000000077a500000, 0x00000007c0000000)
  eden space 210944K, 0% used [0x000000076b400000,0x000000076b400000,0x0000000778200000)
  from space 7680K, 99% used [0x0000000778200000,0x000000077897c310,0x0000000778980000)
  to   space 17920K, 0% used [0x0000000779380000,0x0000000779380000,0x000000077a500000)
 ParOldGen       total 121856K, used 17420K [0x00000006c1c00000, 0x00000006c9300000, 0x000000076b400000)
  object space 121856K, 14% used [0x00000006c1c00000,0x00000006c2d033d8,0x00000006c9300000)
 Metaspace       used 56357K, capacity 60380K, committed 60504K, reserved 1101824K
  class space    used 7560K, capacity 8297K, committed 8320K, reserved 1048576K
}
Event: 1341.509 GC heap before
{Heap before GC invocations=18 (full 7):
 PSYoungGen      total 218624K, used 7664K [0x000000076b400000, 0x000000077a500000, 0x00000007c0000000)
  eden space 210944K, 0% used [0x000000076b400000,0x000000076b400000,0x0000000778200000)
  from space 7680K, 99% used [0x0000000778200000,0x000000077897c310,0x0000000778980000)
  to   space 17920K, 0% used [0x0000000779380000,0x0000000779380000,0x000000077a500000)
 ParOldGen       total 121856K, used 17420K [0x00000006c1c00000, 0x00000006c9300000, 0x000000076b400000)
  object space 121856K, 14% used [0x00000006c1c00000,0x00000006c2d033d8,0x00000006c9300000)
 Metaspace       used 56357K, capacity 60380K, committed 60504K, reserved 1101824K
  class space    used 7560K, capacity 8297K, committed 8320K, reserved 1048576K
Event: 1341.733 GC heap after
Heap after GC invocations=18 (full 7):
 PSYoungGen      total 218624K, used 0K [0x000000076b400000, 0x000000077a500000, 0x00000007c0000000)
  eden space 210944K, 0% used [0x000000076b400000,0x000000076b400000,0x0000000778200000)
  from space 7680K, 0% used [0x0000000778200000,0x0000000778200000,0x0000000778980000)
  to   space 17920K, 0% used [0x0000000779380000,0x0000000779380000,0x000000077a500000)
 ParOldGen       total 121856K, used 21586K [0x00000006c1c00000, 0x00000006c9300000, 0x000000076b400000)
  object space 121856K, 17% used [0x00000006c1c00000,0x00000006c3114b10,0x00000006c9300000)
 Metaspace       used 56354K, capacity 60374K, committed 60504K, reserved 1101824K
  class space    used 7559K, capacity 8295K, committed 8320K, reserved 1048576K
}

